<?xml version="1.0" encoding="UTF-8"?>
<!-- Generated by org.testng.reporters.JUnitReportReporter -->
<testsuite hostname="TSPREA01LAPA35" name="testcases1.Verify_WatershedProtectionandFloodPreventionProgram1" tests="1" failures="0" timestamp="26 Jun 2017 18:00:14 GMT" time="1.131" errors="0">
  <testcase name="testHomePage" time="1.131" classname="testcases1.Verify_WatershedProtectionandFloodPreventionProgram1"/>
</testsuite> <!-- testcases1.Verify_WatershedProtectionandFloodPreventionProgram1 -->
