<?xml version="1.0" encoding="UTF-8"?>
<!-- Generated by org.testng.reporters.JUnitReportReporter -->
<testsuite hostname="TSPREA01LAPA35" name="testcases1.Verify_SmallLimitedandBeginningFarmersRanchers1" tests="1" failures="0" timestamp="27 Jun 2017 15:43:05 GMT" time="3.074" errors="0">
  <testcase name="testHomePage" time="3.074" classname="testcases1.Verify_SmallLimitedandBeginningFarmersRanchers1"/>
</testsuite> <!-- testcases1.Verify_SmallLimitedandBeginningFarmersRanchers1 -->
