<?xml version="1.0" encoding="UTF-8"?>
<!-- Generated by org.testng.reporters.JUnitReportReporter -->
<testsuite hostname="TSPREA01LAPA35" name="testcases1.Verify_LandUse1" tests="1" failures="0" timestamp="28 Jun 2017 15:11:53 GMT" time="2.190" errors="0">
  <testcase name="testHomePage" time="2.190" classname="testcases1.Verify_LandUse1"/>
</testsuite> <!-- testcases1.Verify_LandUse1 -->
