<?xml version="1.0" encoding="UTF-8"?>
<!-- Generated by org.testng.reporters.JUnitReportReporter -->
<testsuite hostname="TSPREA01LAPA35" name="testcases.Verify_Agronomy" tests="1" failures="0" timestamp="2 Jun 2017 15:29:32 GMT" time="1.887" errors="0">
  <testcase name="testHomePage" time="1.887" classname="testcases.Verify_Agronomy"/>
</testsuite> <!-- testcases.Verify_Agronomy -->
