<?xml version="1.0" encoding="UTF-8"?>
<!-- Generated by org.testng.reporters.JUnitReportReporter -->
<testsuite hostname="TSPREA01LAPA35" name="testcases1.Verify_FinancialAssistance1" tests="1" failures="0" timestamp="28 Jun 2017 18:04:13 GMT" time="17.486" errors="0">
  <testcase name="testHomePage" time="17.486" classname="testcases1.Verify_FinancialAssistance1"/>
</testsuite> <!-- testcases1.Verify_FinancialAssistance1 -->
