<?xml version="1.0" encoding="UTF-8"?>
<!-- Generated by org.testng.reporters.JUnitReportReporter -->
<testsuite hostname="TSPREA01LAPA35" name="testcases1.Arizona.Verify_ConservationStewardshipProgram1" tests="1" failures="0" timestamp="27 Jul 2017 15:32:19 GMT" time="71.020" errors="0">
  <testcase name="testHomePage" time="71.020" classname="testcases1.Arizona.Verify_ConservationStewardshipProgram1"/>
</testsuite> <!-- testcases1.Arizona.Verify_ConservationStewardshipProgram1 -->
