<?xml version="1.0" encoding="UTF-8"?>
<!-- Generated by org.testng.reporters.JUnitReportReporter -->
<testsuite hostname="TSPREA01LAPA35" name="testcases.Verify_GIS" tests="1" failures="0" timestamp="30 May 2017 17:40:39 GMT" time="4.823" errors="0">
  <testcase name="testHomePage" time="4.823" classname="testcases.Verify_GIS"/>
</testsuite> <!-- testcases.Verify_GIS -->
