<?xml version="1.0" encoding="UTF-8"?>
<!-- Generated by org.testng.reporters.JUnitReportReporter -->
<testsuite hostname="TSPREA01LAPA35" name="testcases1.Verify_CivilRights1" tests="1" failures="0" timestamp="29 Jun 2017 18:02:17 GMT" time="30.190" errors="0">
  <testcase name="testHomePage" time="30.190" classname="testcases1.Verify_CivilRights1"/>
</testsuite> <!-- testcases1.Verify_CivilRights1 -->
