<?xml version="1.0" encoding="UTF-8"?>
<!-- Generated by org.testng.reporters.JUnitReportReporter -->
<testsuite hostname="TSPREA01LAPA35" name="testcases1.Verify_NutrientManagement1" tests="1" failures="0" timestamp="28 Jun 2017 13:52:51 GMT" time="22.719" errors="0">
  <testcase name="testHomePage" time="22.719" classname="testcases1.Verify_NutrientManagement1"/>
</testsuite> <!-- testcases1.Verify_NutrientManagement1 -->
