<?xml version="1.0" encoding="UTF-8"?>
<!-- Generated by org.testng.reporters.JUnitReportReporter -->
<testsuite hostname="TSPREA01LAPA35" name="testcases1.Verify_STCAgenda1" tests="1" failures="0" timestamp="27 Jun 2017 13:37:58 GMT" time="23.165" errors="0">
  <testcase name="testHomePage" time="23.165" classname="testcases1.Verify_STCAgenda1"/>
</testsuite> <!-- testcases1.Verify_STCAgenda1 -->
