<?xml version="1.0" encoding="UTF-8"?>
<!-- Generated by org.testng.reporters.JUnitReportReporter -->
<testsuite hostname="TSPREA01LAPA35" name="testcases.Indiana.Verify_Biology1" tests="1" failures="0" timestamp="3 Jul 2017 20:02:06 GMT" time="34.337" errors="0">
  <testcase name="testHomePage" time="34.337" classname="testcases.Indiana.Verify_Biology1"/>
</testsuite> <!-- testcases.Indiana.Verify_Biology1 -->
