<?xml version="1.0" encoding="UTF-8"?>
<!-- Generated by org.testng.reporters.JUnitReportReporter -->
<testsuite hostname="TSPREA01LAPA35" name="testcases.Verify_Economics" tests="1" failures="0" timestamp="31 May 2017 13:54:35 GMT" time="23.834" errors="0">
  <testcase name="testHomePage" time="23.834" classname="testcases.Verify_Economics"/>
</testsuite> <!-- testcases.Verify_Economics -->
