<?xml version="1.0" encoding="UTF-8"?>
<!-- Generated by org.testng.reporters.JUnitReportReporter -->
<testsuite hostname="TSPREA01LAPA35" name="testcases1.Verify_Engineering1" tests="1" failures="0" timestamp="28 Jun 2017 19:01:02 GMT" time="28.342" errors="0">
  <testcase name="testHomePage" time="28.342" classname="testcases1.Verify_Engineering1"/>
</testsuite> <!-- testcases1.Verify_Engineering1 -->
