<?xml version="1.0" encoding="UTF-8"?>
<!-- Generated by org.testng.reporters.JUnitReportReporter -->
<testsuite hostname="TSPREA01LAPA35" name="testcases1.Verify_AboutUs1" tests="1" failures="0" timestamp="3 Jul 2017 03:07:02 GMT" time="25.145" errors="0">
  <testcase name="testHomePage" time="25.145" classname="testcases1.Verify_AboutUs1"/>
</testsuite> <!-- testcases1.Verify_AboutUs1 -->
