<?xml version="1.0" encoding="UTF-8"?>
<!-- Generated by org.testng.reporters.JUnitReportReporter -->
<testsuite hostname="TSPREA01LAPA35" name="testcases1.Verify_CIGProjectSearch1" tests="1" failures="0" timestamp="3 Jul 2017 01:54:50 GMT" time="30.254" errors="0">
  <testcase name="testHomePage" time="30.254" classname="testcases1.Verify_CIGProjectSearch1"/>
</testsuite> <!-- testcases1.Verify_CIGProjectSearch1 -->
