<?xml version="1.0" encoding="UTF-8"?>
<!-- Generated by org.testng.reporters.JUnitReportReporter -->
<testsuite hostname="TSPREA01LAPA35" name="testcases1.Iowa.Verify_ConservationCompliance1" tests="1" failures="1" timestamp="10 Aug 2017 18:03:25 GMT" time="0.000" errors="0">
  <testcase name="testHomePage" time="0.000" classname="testcases1.Iowa.Verify_ConservationCompliance1">
    <failure type="org.openqa.selenium.WebDriverException" message="Failed to connect to binary FirefoxBinary(C:\Program Files (x86)\Mozilla Firefox\firefox.exe) on port 7059; process output follows: 
&quot;:&quot;app-profile&quot;,&quot;version&quot;:&quot;2.53.1&quot;,&quot;type&quot;:&quot;extension&quot;,&quot;internalName&quot;:null,&quot;updateURL&quot;:null,&quot;updateKey&quot;:null,&quot;optionsURL&quot;:null,&quot;optionsType&quot;:null,&quot;aboutURL&quot;:null,&quot;iconURL&quot;:null,&quot;icon64URL&quot;:null,&quot;defaultLocale&quot;:{&quot;name&quot;:&quot;Firefox WebDriver&quot;,&quot;description&quot;:&quot;WebDriver implementation for Firefox&quot;,&quot;creator&quot;:&quot;Simon Stewart&quot;,&quot;homepageURL&quot;:null},&quot;visible&quot;:true,&quot;active&quot;:true,&quot;userDisabled&quot;:false,&quot;appDisabled&quot;:false,&quot;descriptor&quot;:&quot;C:\\Users\\SIVAPR~1\\AppData\\Local\\Temp\\anonymous7600973128479671432webdriver-profile\\extensions\\fxdriver@googlecode.com&quot;,&quot;installDate&quot;:1502387818240,&quot;updateDate&quot;:1502387818240,&quot;applyBackgroundUpdates&quot;:1,&quot;bootstrap&quot;:false,&quot;size&quot;:3249525,&quot;sourceURI&quot;:null,&quot;releaseNotesURI&quot;:null,&quot;softDisabled&quot;:false,&quot;foreignInstall&quot;:true,&quot;hasBinaryComponents&quot;:true,&quot;strictCompatibility&quot;:false,&quot;locales&quot;:[],&quot;targetApplications&quot;:[{&quot;id&quot;:&quot;{ec8030f7-c20a-464f-9b0e-13a3a9e97384}&quot;,&quot;minVersion&quot;:&quot;3.0&quot;,&quot;maxVersion&quot;:&quot;48.0&quot;}],&quot;targetPlatforms&quot;:[{&quot;os&quot;:&quot;Darwin&quot;,&quot;abi&quot;:null},{&quot;os&quot;:&quot;SunOS&quot;,&quot;abi&quot;:null},{&quot;os&quot;:&quot;FreeBSD&quot;,&quot;abi&quot;:null},{&quot;os&quot;:&quot;OpenBSD&quot;,&quot;abi&quot;:null},{&quot;os&quot;:&quot;WINNT&quot;,&quot;abi&quot;:null},{&quot;os&quot;:&quot;Linux&quot;,&quot;abi&quot;:null}],&quot;multiprocessCompatible&quot;:false}
1502387818622	addons.xpi	DEBUG	getModTime: Recursive scan of fxdriver@googlecode.com
1502387818628	addons.xpi	DEBUG	processFileChanges reconciling DB for location app-global state {&quot;{972ce4c6-7e08-4474-a285-3208198ce6fd}&quot;:{&quot;d&quot;:&quot;C:\\Program Files (x86)\\Mozilla Firefox\\browser\\extensions\\{972ce4c6-7e08-4474-a285-3208198ce6fd}&quot;,&quot;e&quot;:true,&quot;v&quot;:&quot;54.0&quot;,&quot;st&quot;:1501870874725,&quot;mt&quot;:1435711164000}} db [&quot;{972ce4c6-7e08-4474-a285-3208198ce6fd}&quot;]
1502387818628	addons.xpi	DEBUG	Updating XPIState for {&quot;id&quot;:&quot;{972ce4c6-7e08-4474-a285-3208198ce6fd}&quot;,&quot;syncGUID&quot;:&quot;{3fea95fa-d761-4653-ac1a-abeb715ce79e}&quot;,&quot;location&quot;:&quot;app-global&quot;,&quot;version&quot;:&quot;39.0&quot;,&quot;type&quot;:&quot;theme&quot;,&quot;internalName&quot;:&quot;classic/1.0&quot;,&quot;updateURL&quot;:null,&quot;updateKey&quot;:null,&quot;optionsURL&quot;:null,&quot;optionsType&quot;:null,&quot;aboutURL&quot;:null,&quot;iconURL&quot;:null,&quot;icon64URL&quot;:null,&quot;defaultLocale&quot;:{&quot;name&quot;:&quot;Default&quot;,&quot;description&quot;:&quot;The default theme.&quot;,&quot;creator&quot;:&quot;Mozilla&quot;,&quot;homepageURL&quot;:null,&quot;contributors&quot;:[&quot;Mozilla Contributors&quot;]},&quot;visible&quot;:true,&quot;active&quot;:true,&quot;userDisabled&quot;:false,&quot;appDisabled&quot;:false,&quot;descriptor&quot;:&quot;C:\\Program Files (x86)\\Mozilla Firefox\\browser\\extensions\\{972ce4c6-7e08-4474-a285-3208198ce6fd}&quot;,&quot;installDate&quot;:1492142103000,&quot;updateDate&quot;:1501870874725,&quot;applyBackgroundUpdates&quot;:1,&quot;skinnable&quot;:true,&quot;size&quot;:3169,&quot;sourceURI&quot;:null,&quot;releaseNotesURI&quot;:null,&quot;softDisabled&quot;:false,&quot;foreignInstall&quot;:false,&quot;hasBinaryComponents&quot;:false,&quot;strictCompatibility&quot;:true,&quot;locales&quot;:[],&quot;targetApplications&quot;:[{&quot;id&quot;:&quot;{ec8030f7-c20a-464f-9b0e-13a3a9e97384}&quot;,&quot;minVersion&quot;:&quot;39.0&quot;,&quot;maxVersion&quot;:&quot;39.0&quot;}],&quot;targetPlatforms&quot;:[]}
1502387818630	addons.xpi	DEBUG	Updating database with changes to installed add-ons
1502387818630	addons.xpi-utils	DEBUG	Updating add-on states
1502387818631	addons.xpi-utils	DEBUG	Writing add-ons list
1502387818634	addons.manager	DEBUG	Registering shutdown blocker for XPIProvider
1502387818635	addons.manager	DEBUG	Provider finished startup: XPIProvider
1502387818635	addons.manager	DEBUG	Starting provider: LightweightThemeManager
1502387818635	addons.manager	DEBUG	Registering shutdown blocker for LightweightThemeManager
1502387818635	addons.manager	DEBUG	Provider finished startup: LightweightThemeManager
1502387818635	addons.manager	DEBUG	Starting provider: GMPProvider
1502387818640	addons.manager	DEBUG	Registering shutdown blocker for GMPProvider
1502387818640	addons.manager	DEBUG	Provider finished startup: GMPProvider
1502387818640	addons.manager	DEBUG	Starting provider: PluginProvider
1502387818640	addons.manager	DEBUG	Registering shutdown blocker for PluginProvider
1502387818640	addons.manager	DEBUG	Provider finished startup: PluginProvider
1502387818641	addons.manager	DEBUG	Completed startup sequence
1502387818694	DeferredSave.extensions.json	DEBUG	Starting timer
1502387818742	DeferredSave.extensions.json	DEBUG	Starting write
1502387818776	DeferredSave.extensions.json	DEBUG	Write succeeded
1502387818776	addons.xpi-utils	DEBUG	XPI Database saved, setting schema version preference to 16

Build info: version: &#039;2.53.1&#039;, revision: &#039;a36b8b1cd5757287168e54b817830adce9b0158d&#039;, time: &#039;2016-06-30 19:26:09&#039;
System info: host: &#039;TSPREA01LAPA35&#039;, ip: &#039;199.130.135.249&#039;, os.name: &#039;Windows 10&#039;, os.arch: &#039;amd64&#039;, os.version: &#039;10.0&#039;, java.version: &#039;1.8.0_131&#039;
Driver info: driver.version: FirefoxDriver">
      <![CDATA[org.openqa.selenium.WebDriverException: Failed to connect to binary FirefoxBinary(C:\Program Files (x86)\Mozilla Firefox\firefox.exe) on port 7059; process output follows: 
":"app-profile","version":"2.53.1","type":"extension","internalName":null,"updateURL":null,"updateKey":null,"optionsURL":null,"optionsType":null,"aboutURL":null,"iconURL":null,"icon64URL":null,"defaultLocale":{"name":"Firefox WebDriver","description":"WebDriver implementation for Firefox","creator":"Simon Stewart","homepageURL":null},"visible":true,"active":true,"userDisabled":false,"appDisabled":false,"descriptor":"C:\\Users\\SIVAPR~1\\AppData\\Local\\Temp\\anonymous7600973128479671432webdriver-profile\\extensions\\fxdriver@googlecode.com","installDate":1502387818240,"updateDate":1502387818240,"applyBackgroundUpdates":1,"bootstrap":false,"size":3249525,"sourceURI":null,"releaseNotesURI":null,"softDisabled":false,"foreignInstall":true,"hasBinaryComponents":true,"strictCompatibility":false,"locales":[],"targetApplications":[{"id":"{ec8030f7-c20a-464f-9b0e-13a3a9e97384}","minVersion":"3.0","maxVersion":"48.0"}],"targetPlatforms":[{"os":"Darwin","abi":null},{"os":"SunOS","abi":null},{"os":"FreeBSD","abi":null},{"os":"OpenBSD","abi":null},{"os":"WINNT","abi":null},{"os":"Linux","abi":null}],"multiprocessCompatible":false}
1502387818622	addons.xpi	DEBUG	getModTime: Recursive scan of fxdriver@googlecode.com
1502387818628	addons.xpi	DEBUG	processFileChanges reconciling DB for location app-global state {"{972ce4c6-7e08-4474-a285-3208198ce6fd}":{"d":"C:\\Program Files (x86)\\Mozilla Firefox\\browser\\extensions\\{972ce4c6-7e08-4474-a285-3208198ce6fd}","e":true,"v":"54.0","st":1501870874725,"mt":1435711164000}} db ["{972ce4c6-7e08-4474-a285-3208198ce6fd}"]
1502387818628	addons.xpi	DEBUG	Updating XPIState for {"id":"{972ce4c6-7e08-4474-a285-3208198ce6fd}","syncGUID":"{3fea95fa-d761-4653-ac1a-abeb715ce79e}","location":"app-global","version":"39.0","type":"theme","internalName":"classic/1.0","updateURL":null,"updateKey":null,"optionsURL":null,"optionsType":null,"aboutURL":null,"iconURL":null,"icon64URL":null,"defaultLocale":{"name":"Default","description":"The default theme.","creator":"Mozilla","homepageURL":null,"contributors":["Mozilla Contributors"]},"visible":true,"active":true,"userDisabled":false,"appDisabled":false,"descriptor":"C:\\Program Files (x86)\\Mozilla Firefox\\browser\\extensions\\{972ce4c6-7e08-4474-a285-3208198ce6fd}","installDate":1492142103000,"updateDate":1501870874725,"applyBackgroundUpdates":1,"skinnable":true,"size":3169,"sourceURI":null,"releaseNotesURI":null,"softDisabled":false,"foreignInstall":false,"hasBinaryComponents":false,"strictCompatibility":true,"locales":[],"targetApplications":[{"id":"{ec8030f7-c20a-464f-9b0e-13a3a9e97384}","minVersion":"39.0","maxVersion":"39.0"}],"targetPlatforms":[]}
1502387818630	addons.xpi	DEBUG	Updating database with changes to installed add-ons
1502387818630	addons.xpi-utils	DEBUG	Updating add-on states
1502387818631	addons.xpi-utils	DEBUG	Writing add-ons list
1502387818634	addons.manager	DEBUG	Registering shutdown blocker for XPIProvider
1502387818635	addons.manager	DEBUG	Provider finished startup: XPIProvider
1502387818635	addons.manager	DEBUG	Starting provider: LightweightThemeManager
1502387818635	addons.manager	DEBUG	Registering shutdown blocker for LightweightThemeManager
1502387818635	addons.manager	DEBUG	Provider finished startup: LightweightThemeManager
1502387818635	addons.manager	DEBUG	Starting provider: GMPProvider
1502387818640	addons.manager	DEBUG	Registering shutdown blocker for GMPProvider
1502387818640	addons.manager	DEBUG	Provider finished startup: GMPProvider
1502387818640	addons.manager	DEBUG	Starting provider: PluginProvider
1502387818640	addons.manager	DEBUG	Registering shutdown blocker for PluginProvider
1502387818640	addons.manager	DEBUG	Provider finished startup: PluginProvider
1502387818641	addons.manager	DEBUG	Completed startup sequence
1502387818694	DeferredSave.extensions.json	DEBUG	Starting timer
1502387818742	DeferredSave.extensions.json	DEBUG	Starting write
1502387818776	DeferredSave.extensions.json	DEBUG	Write succeeded
1502387818776	addons.xpi-utils	DEBUG	XPI Database saved, setting schema version preference to 16

Build info: version: '2.53.1', revision: 'a36b8b1cd5757287168e54b817830adce9b0158d', time: '2016-06-30 19:26:09'
System info: host: 'TSPREA01LAPA35', ip: '199.130.135.249', os.name: 'Windows 10', os.arch: 'amd64', os.version: '10.0', java.version: '1.8.0_131'
Driver info: driver.version: FirefoxDriver
	at org.openqa.selenium.firefox.internal.NewProfileExtensionConnection.start(NewProfileExtensionConnection.java:125)
	at org.openqa.selenium.firefox.FirefoxDriver.startClient(FirefoxDriver.java:271)
	at org.openqa.selenium.remote.RemoteWebDriver.<init>(RemoteWebDriver.java:119)
	at org.openqa.selenium.firefox.FirefoxDriver.<init>(FirefoxDriver.java:216)
	at org.openqa.selenium.firefox.FirefoxDriver.<init>(FirefoxDriver.java:211)
	at org.openqa.selenium.firefox.FirefoxDriver.<init>(FirefoxDriver.java:207)
	at org.openqa.selenium.firefox.FirefoxDriver.<init>(FirefoxDriver.java:124)
	at factory.BrowserFactory.getBrowser(BrowserFactory.java:40)
	at testcases1.Iowa.Verify_ConservationCompliance1.SetUp(Verify_ConservationCompliance1.java:27)
	at sun.reflect.NativeMethodAccessorImpl.invoke0(Native Method)
	at sun.reflect.NativeMethodAccessorImpl.invoke(NativeMethodAccessorImpl.java:62)
	at sun.reflect.DelegatingMethodAccessorImpl.invoke(DelegatingMethodAccessorImpl.java:43)
	at java.lang.reflect.Method.invoke(Method.java:498)
	at org.testng.internal.MethodInvocationHelper.invokeMethod(MethodInvocationHelper.java:80)
	at org.testng.internal.Invoker.invokeConfigurationMethod(Invoker.java:564)
	at org.testng.internal.Invoker.invokeConfigurations(Invoker.java:213)
	at org.testng.internal.Invoker.invokeConfigurations(Invoker.java:138)
	at org.testng.internal.TestMethodWorker.invokeBeforeClassMethods(TestMethodWorker.java:175)
	at org.testng.internal.TestMethodWorker.run(TestMethodWorker.java:107)
	at org.testng.TestRunner.privateRun(TestRunner.java:767)
	at org.testng.TestRunner.run(TestRunner.java:617)
	at org.testng.SuiteRunner.runTest(SuiteRunner.java:334)
	at org.testng.SuiteRunner.runSequentially(SuiteRunner.java:329)
	at org.testng.SuiteRunner.privateRun(SuiteRunner.java:291)
	at org.testng.SuiteRunner.run(SuiteRunner.java:240)
	at org.testng.SuiteRunnerWorker.runSuite(SuiteRunnerWorker.java:52)
	at org.testng.SuiteRunnerWorker.run(SuiteRunnerWorker.java:86)
	at org.testng.TestNG.runSuitesSequentially(TestNG.java:1198)
	at org.testng.TestNG.runSuitesLocally(TestNG.java:1123)
	at org.testng.TestNG.run(TestNG.java:1031)
	at org.testng.remote.AbstractRemoteTestNG.run(AbstractRemoteTestNG.java:132)
	at org.testng.remote.RemoteTestNG.initAndRun(RemoteTestNG.java:230)
	at org.testng.remote.RemoteTestNG.main(RemoteTestNG.java:76)
Caused by: org.openqa.selenium.firefox.NotConnectedException: Unable to connect to host 127.0.0.1 on port 7059 after 45000 ms. Firefox console output:
":"app-profile","version":"2.53.1","type":"extension","internalName":null,"updateURL":null,"updateKey":null,"optionsURL":null,"optionsType":null,"aboutURL":null,"iconURL":null,"icon64URL":null,"defaultLocale":{"name":"Firefox WebDriver","description":"WebDriver implementation for Firefox","creator":"Simon Stewart","homepageURL":null},"visible":true,"active":true,"userDisabled":false,"appDisabled":false,"descriptor":"C:\\Users\\SIVAPR~1\\AppData\\Local\\Temp\\anonymous7600973128479671432webdriver-profile\\extensions\\fxdriver@googlecode.com","installDate":1502387818240,"updateDate":1502387818240,"applyBackgroundUpdates":1,"bootstrap":false,"size":3249525,"sourceURI":null,"releaseNotesURI":null,"softDisabled":false,"foreignInstall":true,"hasBinaryComponents":true,"strictCompatibility":false,"locales":[],"targetApplications":[{"id":"{ec8030f7-c20a-464f-9b0e-13a3a9e97384}","minVersion":"3.0","maxVersion":"48.0"}],"targetPlatforms":[{"os":"Darwin","abi":null},{"os":"SunOS","abi":null},{"os":"FreeBSD","abi":null},{"os":"OpenBSD","abi":null},{"os":"WINNT","abi":null},{"os":"Linux","abi":null}],"multiprocessCompatible":false}
1502387818622	addons.xpi	DEBUG	getModTime: Recursive scan of fxdriver@googlecode.com
1502387818628	addons.xpi	DEBUG	processFileChanges reconciling DB for location app-global state {"{972ce4c6-7e08-4474-a285-3208198ce6fd}":{"d":"C:\\Program Files (x86)\\Mozilla Firefox\\browser\\extensions\\{972ce4c6-7e08-4474-a285-3208198ce6fd}","e":true,"v":"54.0","st":1501870874725,"mt":1435711164000}} db ["{972ce4c6-7e08-4474-a285-3208198ce6fd}"]
1502387818628	addons.xpi	DEBUG	Updating XPIState for {"id":"{972ce4c6-7e08-4474-a285-3208198ce6fd}","syncGUID":"{3fea95fa-d761-4653-ac1a-abeb715ce79e}","location":"app-global","version":"39.0","type":"theme","internalName":"classic/1.0","updateURL":null,"updateKey":null,"optionsURL":null,"optionsType":null,"aboutURL":null,"iconURL":null,"icon64URL":null,"defaultLocale":{"name":"Default","description":"The default theme.","creator":"Mozilla","homepageURL":null,"contributors":["Mozilla Contributors"]},"visible":true,"active":true,"userDisabled":false,"appDisabled":false,"descriptor":"C:\\Program Files (x86)\\Mozilla Firefox\\browser\\extensions\\{972ce4c6-7e08-4474-a285-3208198ce6fd}","installDate":1492142103000,"updateDate":1501870874725,"applyBackgroundUpdates":1,"skinnable":true,"size":3169,"sourceURI":null,"releaseNotesURI":null,"softDisabled":false,"foreignInstall":false,"hasBinaryComponents":false,"strictCompatibility":true,"locales":[],"targetApplications":[{"id":"{ec8030f7-c20a-464f-9b0e-13a3a9e97384}","minVersion":"39.0","maxVersion":"39.0"}],"targetPlatforms":[]}
1502387818630	addons.xpi	DEBUG	Updating database with changes to installed add-ons
1502387818630	addons.xpi-utils	DEBUG	Updating add-on states
1502387818631	addons.xpi-utils	DEBUG	Writing add-ons list
1502387818634	addons.manager	DEBUG	Registering shutdown blocker for XPIProvider
1502387818635	addons.manager	DEBUG	Provider finished startup: XPIProvider
1502387818635	addons.manager	DEBUG	Starting provider: LightweightThemeManager
1502387818635	addons.manager	DEBUG	Registering shutdown blocker for LightweightThemeManager
1502387818635	addons.manager	DEBUG	Provider finished startup: LightweightThemeManager
1502387818635	addons.manager	DEBUG	Starting provider: GMPProvider
1502387818640	addons.manager	DEBUG	Registering shutdown blocker for GMPProvider
1502387818640	addons.manager	DEBUG	Provider finished startup: GMPProvider
1502387818640	addons.manager	DEBUG	Starting provider: PluginProvider
1502387818640	addons.manager	DEBUG	Registering shutdown blocker for PluginProvider
1502387818640	addons.manager	DEBUG	Provider finished startup: PluginProvider
1502387818641	addons.manager	DEBUG	Completed startup sequence
1502387818694	DeferredSave.extensions.json	DEBUG	Starting timer
1502387818742	DeferredSave.extensions.json	DEBUG	Starting write
1502387818776	DeferredSave.extensions.json	DEBUG	Write succeeded
1502387818776	addons.xpi-utils	DEBUG	XPI Database saved, setting schema version preference to 16

	at org.openqa.selenium.firefox.internal.NewProfileExtensionConnection.start(NewProfileExtensionConnection.java:113)
	... 32 more
]]>
    </failure>
  </testcase> <!-- testHomePage -->
</testsuite> <!-- testcases1.Iowa.Verify_ConservationCompliance1 -->
