<?xml version="1.0" encoding="UTF-8"?>
<!-- Generated by org.testng.reporters.JUnitReportReporter -->
<testsuite hostname="TSPREA01LAPA35" name="testcases.Indiana.Verify_AgriculturalConservationEasementProgram1" tests="1" failures="0" timestamp="5 Jul 2017 15:03:41 GMT" time="52.037" errors="0">
  <testcase name="testHomePage" time="52.037" classname="testcases.Indiana.Verify_AgriculturalConservationEasementProgram1"/>
</testsuite> <!-- testcases.Indiana.Verify_AgriculturalConservationEasementProgram1 -->
