<?xml version="1.0" encoding="UTF-8"?>
<!-- Generated by org.testng.reporters.JUnitReportReporter -->
<testsuite hostname="TSPREA01LAPA35" name="testcases1.Verify_TechnicalResources1" tests="1" failures="0" timestamp="3 Jul 2017 01:31:34 GMT" time="34.481" errors="0">
  <testcase name="testHomePage" time="34.481" classname="testcases1.Verify_TechnicalResources1"/>
</testsuite> <!-- testcases1.Verify_TechnicalResources1 -->
