<?xml version="1.0" encoding="UTF-8"?>
<!-- Generated by org.testng.reporters.JUnitReportReporter -->
<testsuite hostname="TSPREA01LAPA35" name="testcases.Verify_ConservationCompliance" tests="1" failures="0" timestamp="2 Jun 2017 18:48:17 GMT" time="21.981" errors="0">
  <testcase name="testHomePage" time="21.981" classname="testcases.Verify_ConservationCompliance"/>
</testsuite> <!-- testcases.Verify_ConservationCompliance -->
