<?xml version="1.0" encoding="UTF-8"?>
<!-- Generated by org.testng.reporters.JUnitReportReporter -->
<testsuite hostname="TSPREA01LAPA35" name="testcases.Verify_NationalResourcesInventory" tests="1" failures="0" timestamp="30 May 2017 18:53:15 GMT" time="10.858" errors="0">
  <testcase name="testHomePage" time="10.858" classname="testcases.Verify_NationalResourcesInventory"/>
</testsuite> <!-- testcases.Verify_NationalResourcesInventory -->
