<?xml version="1.0" encoding="UTF-8"?>
<!-- Generated by org.testng.reporters.JUnitReportReporter -->
<testsuite hostname="TSPREA01LAPA35" name="testcases.Verify_TechnicalResources" tests="2" failures="0" timestamp="29 May 2017 21:11:14 GMT" time="17.175" errors="0">
  <testcase name="Validate" time="17.102" classname="testcases.Verify_TechnicalResources"/>
  <testcase name="testHomePage" time="0.073" classname="testcases.Verify_TechnicalResources"/>
</testsuite> <!-- testcases.Verify_TechnicalResources -->
