<?xml version="1.0" encoding="UTF-8"?>
<!-- Generated by org.testng.reporters.JUnitReportReporter -->
<testsuite hostname="TSPREA01LAPA35" name="pages.Verify_HomePage" tests="1" failures="0" timestamp="28 May 2017 12:16:52 GMT" time="0.050" errors="0">
  <testcase name="testHomePage" time="0.050" classname="pages.Verify_HomePage"/>
</testsuite> <!-- pages.Verify_HomePage -->
