<?xml version="1.0" encoding="UTF-8"?>
<!-- Generated by org.testng.reporters.JUnitReportReporter -->
<testsuite hostname="TSPREA01LAPA35" name="testcases1.Verify_PhotosandVideos1" tests="1" failures="0" timestamp="27 Jun 2017 19:04:13 GMT" time="1.062" errors="0">
  <testcase name="testHomePage" time="1.062" classname="testcases1.Verify_PhotosandVideos1"/>
</testsuite> <!-- testcases1.Verify_PhotosandVideos1 -->
