<?xml version="1.0" encoding="UTF-8"?>
<!-- Generated by org.testng.reporters.JUnitReportReporter -->
<testsuite hostname="TSPREA01LAPA35" name="testcases1.Verify_StateOffice1" tests="1" failures="0" timestamp="27 Jun 2017 14:37:26 GMT" time="12.292" errors="0">
  <testcase name="testHomePage" time="12.292" classname="testcases1.Verify_StateOffice1"/>
</testsuite> <!-- testcases1.Verify_StateOffice1 -->
