<?xml version="1.0" encoding="UTF-8"?>
<!-- Generated by org.testng.reporters.JUnitReportReporter -->
<testsuite hostname="TSPREA01LAPA35" name="testcases1.Iowa.Verify_TechnicalServiceProviders1" tests="1" failures="0" timestamp="10 Aug 2017 18:03:25 GMT" time="36.387" errors="0">
  <testcase name="testHomePage" time="36.387" classname="testcases1.Iowa.Verify_TechnicalServiceProviders1"/>
</testsuite> <!-- testcases1.Iowa.Verify_TechnicalServiceProviders1 -->
