<?xml version="1.0" encoding="UTF-8"?>
<!-- Generated by org.testng.reporters.JUnitReportReporter -->
<testsuite hostname="TSPREA01LAPA35" name="testcases.Verify_ConservationTechnicalAssistance" tests="1" failures="0" timestamp="31 May 2017 13:54:35 GMT" time="24.516" errors="0">
  <testcase name="testHomePage" time="24.516" classname="testcases.Verify_ConservationTechnicalAssistance"/>
</testsuite> <!-- testcases.Verify_ConservationTechnicalAssistance -->
