<?xml version="1.0" encoding="UTF-8"?>
<!-- Generated by org.testng.reporters.JUnitReportReporter -->
<testsuite hostname="TSPREA01LAPA35" name="testcases1.Verify_Forecasts1" tests="1" failures="0" timestamp="28 Jun 2017 17:59:23 GMT" time="3.810" errors="0">
  <testcase name="testHomePage" time="3.810" classname="testcases1.Verify_Forecasts1"/>
</testsuite> <!-- testcases1.Verify_Forecasts1 -->
