<?xml version="1.0" encoding="UTF-8"?>
<!-- Generated by org.testng.reporters.JUnitReportReporter -->
<testsuite hostname="TSPREA01LAPA35" name="testcases1.Missouri.Verify_Features1" tests="1" failures="0" timestamp="18 Jul 2017 13:31:04 GMT" time="2.440" errors="0">
  <testcase name="testHomePage" time="2.440" classname="testcases1.Missouri.Verify_Features1"/>
</testsuite> <!-- testcases1.Missouri.Verify_Features1 -->
