<?xml version="1.0" encoding="UTF-8"?>
<!-- Generated by org.testng.reporters.JUnitReportReporter -->
<testsuite hostname="TSPREA01LAPA35" name="testcases.DD.Verify_PublicationsFactSheets1" tests="1" failures="0" timestamp="31 Oct 2017 23:34:47 GMT" time="29.983" errors="0">
  <testcase name="testHomePage" time="29.983" classname="testcases.DD.Verify_PublicationsFactSheets1"/>
</testsuite> <!-- testcases.DD.Verify_PublicationsFactSheets1 -->
