<?xml version="1.0" encoding="UTF-8"?>
<!-- Generated by org.testng.reporters.JUnitReportReporter -->
<testsuite hostname="TSPREA01LAPA35" name="testcases1.Missouri.Verify_Agronomy1" tests="1" failures="0" timestamp="21 Jul 2017 23:34:45 GMT" time="15.179" errors="0">
  <testcase name="testHomePage" time="15.179" classname="testcases1.Missouri.Verify_Agronomy1"/>
</testsuite> <!-- testcases1.Missouri.Verify_Agronomy1 -->
