<?xml version="1.0" encoding="UTF-8"?>
<!-- Generated by org.testng.reporters.JUnitReportReporter -->
<testsuite hostname="TSPREA01LAPA35" name="testcases1.Verify_ConservationStewardshipProgram1" tests="1" failures="0" timestamp="29 Jun 2017 17:32:50 GMT" time="21.626" errors="0">
  <testcase name="testHomePage" time="21.626" classname="testcases1.Verify_ConservationStewardshipProgram1"/>
</testsuite> <!-- testcases1.Verify_ConservationStewardshipProgram1 -->
