<?xml version="1.0" encoding="UTF-8"?>
<!-- Generated by org.testng.reporters.JUnitReportReporter -->
<testsuite hostname="TSPREA01LAPA35" name="testcases1.Verify_Careers1" tests="1" failures="0" timestamp="29 Jun 2017 18:06:51 GMT" time="11.893" errors="0">
  <testcase name="testHomePage" time="11.893" classname="testcases1.Verify_Careers1"/>
</testsuite> <!-- testcases1.Verify_Careers1 -->
