<?xml version="1.0" encoding="UTF-8"?>
<!-- Generated by org.testng.reporters.JUnitReportReporter -->
<testsuite hostname="TSPREA01LAPA35" name="DataDriven" tests="1" failures="0" timestamp="4 Aug 2017 19:20:38 GMT" time="10.950" errors="0">
  <testcase name="CheckNav" time="10.950" classname="DataDriven"/>
</testsuite> <!-- DataDriven -->
