<?xml version="1.0" encoding="UTF-8"?>
<!-- Generated by org.testng.reporters.JUnitReportReporter -->
<testsuite hostname="TSPREA01LAPA35" name="testcases1.Verify_RegionalConservationPartnershipProgram1" tests="1" failures="0" timestamp="27 Jun 2017 18:00:22 GMT" time="44.450" errors="0">
  <testcase name="testHomePage" time="44.450" classname="testcases1.Verify_RegionalConservationPartnershipProgram1"/>
</testsuite> <!-- testcases1.Verify_RegionalConservationPartnershipProgram1 -->
