<?xml version="1.0" encoding="UTF-8"?>
<!-- Generated by org.testng.reporters.JUnitReportReporter -->
<testsuite hostname="TSPREA01LAPA35" name="testcases1.Iowa.Verify_Partners1" tests="1" failures="0" timestamp="10 Aug 2017 18:03:25 GMT" time="308.128" errors="0">
  <testcase name="testHomePage" time="308.128" classname="testcases1.Iowa.Verify_Partners1"/>
</testsuite> <!-- testcases1.Iowa.Verify_Partners1 -->
