<?xml version="1.0" encoding="UTF-8"?>
<!-- Generated by org.testng.reporters.JUnitReportReporter -->
<testsuite hostname="TSPREA01LAPA35" name="testcases1.Verify_BasinOutlookReports1" tests="1" failures="0" timestamp="29 Jun 2017 18:22:45 GMT" time="75.689" errors="0">
  <testcase name="testHomePage" time="75.689" classname="testcases1.Verify_BasinOutlookReports1"/>
</testsuite> <!-- testcases1.Verify_BasinOutlookReports1 -->
