<?xml version="1.0" encoding="UTF-8"?>
<!-- Generated by org.testng.reporters.JUnitReportReporter -->
<testsuite hostname="TSPREA01LAPA35" name="testcases1.Verify_ConservationTechnicalAssistance1" tests="1" failures="0" timestamp="29 Jun 2017 14:59:03 GMT" time="23.315" errors="0">
  <testcase name="testHomePage" time="23.315" classname="testcases1.Verify_ConservationTechnicalAssistance1"/>
</testsuite> <!-- testcases1.Verify_ConservationTechnicalAssistance1 -->
