<?xml version="1.0" encoding="UTF-8"?>
<!-- Generated by org.testng.reporters.JUnitReportReporter -->
<testsuite hostname="TSPREA01LAPA35" name="testcases1.Indiana.Verify_InvasiveSpecies1" tests="1" failures="0" timestamp="3 Aug 2017 15:27:23 GMT" time="24.301" errors="0">
  <testcase name="testHomePage" time="24.301" classname="testcases1.Indiana.Verify_InvasiveSpecies1"/>
</testsuite> <!-- testcases1.Indiana.Verify_InvasiveSpecies1 -->
