<?xml version="1.0" encoding="UTF-8"?>
<!-- Generated by org.testng.reporters.JUnitReportReporter -->
<testsuite hostname="TSPREA01LAPA35" name="testcases1.Verify_CulturalResources1" tests="1" failures="0" timestamp="29 Jun 2017 13:55:13 GMT" time="1.822" errors="0">
  <testcase name="testHomePage" time="1.822" classname="testcases1.Verify_CulturalResources1"/>
</testsuite> <!-- testcases1.Verify_CulturalResources1 -->
