<?xml version="1.0" encoding="UTF-8"?>
<!-- Generated by org.testng.reporters.JUnitReportReporter -->
<testsuite hostname="TSPREA01LAPA35" name="testcases1.Verify_DataMapsAnalysis1" tests="1" failures="0" timestamp="29 Jun 2017 13:51:30 GMT" time="1.146" errors="0">
  <testcase name="testHomePage" time="1.146" classname="testcases1.Verify_DataMapsAnalysis1"/>
</testsuite> <!-- testcases1.Verify_DataMapsAnalysis1 -->
