<?xml version="1.0" encoding="UTF-8"?>
<!-- Generated by org.testng.reporters.JUnitReportReporter -->
<testsuite hostname="TSPREA01LAPA35" name="testcases.Verify_RapidWatershedAssessment" tests="1" failures="0" timestamp="30 May 2017 18:59:10 GMT" time="26.415" errors="0">
  <testcase name="testHomePage" time="26.415" classname="testcases.Verify_RapidWatershedAssessment"/>
</testsuite> <!-- testcases.Verify_RapidWatershedAssessment -->
