<?xml version="1.0" encoding="UTF-8"?>
<!-- Generated by org.testng.reporters.JUnitReportReporter -->
<testsuite hostname="TSPREA01LAPA35" name="testcases.Verify_CulturalResources" tests="1" failures="0" timestamp="31 May 2017 13:54:35 GMT" time="3.509" errors="0">
  <testcase name="testHomePage" time="3.509" classname="testcases.Verify_CulturalResources"/>
</testsuite> <!-- testcases.Verify_CulturalResources -->
