<?xml version="1.0" encoding="UTF-8"?>
<!-- Generated by org.testng.reporters.JUnitReportReporter -->
<testsuite hostname="TSPREA01LAPA35" name="testcases.Indiana.Verify_Air1" tests="1" failures="0" timestamp="3 Jul 2017 19:43:01 GMT" time="7.371" errors="0">
  <testcase name="testHomePage" time="7.371" classname="testcases.Indiana.Verify_Air1"/>
</testsuite> <!-- testcases.Indiana.Verify_Air1 -->
