<?xml version="1.0" encoding="UTF-8"?>
<!-- Generated by org.testng.reporters.JUnitReportReporter -->
<testsuite hostname="TSPREA01LAPA35" name="testcases.Indiana.Verify_Careers1" tests="1" failures="0" timestamp="5 Jul 2017 13:31:05 GMT" time="2.582" errors="0">
  <testcase name="testHomePage" time="2.582" classname="testcases.Indiana.Verify_Careers1"/>
</testsuite> <!-- testcases.Indiana.Verify_Careers1 -->
