<?xml version="1.0" encoding="UTF-8"?>
<!-- Generated by org.testng.reporters.JUnitReportReporter -->
<testsuite hostname="TSPREA01LAPA35" name="testcases1.Missouri.Verify_AboutUs1" tests="1" failures="0" timestamp="21 Jul 2017 23:27:53 GMT" time="41.340" errors="0">
  <testcase name="testHomePage" time="41.340" classname="testcases1.Missouri.Verify_AboutUs1"/>
</testsuite> <!-- testcases1.Missouri.Verify_AboutUs1 -->
