<?xml version="1.0" encoding="UTF-8"?>
<!-- Generated by org.testng.reporters.JUnitReportReporter -->
<testsuite hostname="TSPREA01LAPA35" name="testcases1.Verify_StateTechnicalCommittee1" tests="1" failures="0" timestamp="27 Jun 2017 14:17:27 GMT" time="24.332" errors="0">
  <testcase name="testHomePage" time="24.332" classname="testcases1.Verify_StateTechnicalCommittee1"/>
</testsuite> <!-- testcases1.Verify_StateTechnicalCommittee1 -->
