<?xml version="1.0" encoding="UTF-8"?>
<!-- Generated by org.testng.reporters.JUnitReportReporter -->
<testsuite hostname="TSPREA01LAPA35" name="testcases1.Verify_RapidWatershedAssessment1" tests="1" failures="0" timestamp="27 Jun 2017 18:04:53 GMT" time="45.532" errors="0">
  <testcase name="testHomePage" time="45.532" classname="testcases1.Verify_RapidWatershedAssessment1"/>
</testsuite> <!-- testcases1.Verify_RapidWatershedAssessment1 -->
