<?xml version="1.0" encoding="UTF-8"?>
<!-- Generated by org.testng.reporters.JUnitReportReporter -->
<testsuite hostname="TSPREA01LAPA35" name="testcases1.Verify_Water1" tests="1" failures="0" timestamp="3 Jul 2017 01:36:13 GMT" time="2.201" errors="0">
  <testcase name="testHomePage" time="2.201" classname="testcases1.Verify_Water1"/>
</testsuite> <!-- testcases1.Verify_Water1 -->
