<?xml version="1.0" encoding="UTF-8"?>
<!-- Generated by org.testng.reporters.JUnitReportReporter -->
<testsuite hostname="TSPREA01LAPA35" name="testcases.Verify_HomePage" tests="2" failures="0" timestamp="29 May 2017 20:31:01 GMT" time="3.737" errors="0">
  <testcase name="testHomePage" time="0.099" classname="testcases.Verify_HomePage"/>
  <testcase name="testMenuItems" time="3.638" classname="testcases.Verify_HomePage"/>
</testsuite> <!-- testcases.Verify_HomePage -->
