<?xml version="1.0" encoding="UTF-8"?>
<!-- Generated by org.testng.reporters.JUnitReportReporter -->
<testsuite hostname="TSPREA01LAPA35" name="testcases1.Verify_HomePage1" tests="1" failures="0" timestamp="2 Jul 2017 17:08:00 GMT" time="8.968" errors="0">
  <testcase name="testHomePage" time="8.968" classname="testcases1.Verify_HomePage1"/>
</testsuite> <!-- testcases1.Verify_HomePage1 -->
