<?xml version="1.0" encoding="UTF-8"?>
<!-- Generated by org.testng.reporters.JUnitReportReporter -->
<testsuite hostname="TSPREA01LAPA35" name="testcases.Indiana.Verify_CIGProjectSearch1" tests="1" failures="0" timestamp="5 Jul 2017 14:30:35 GMT" time="37.012" errors="0">
  <testcase name="testHomePage" time="37.012" classname="testcases.Indiana.Verify_CIGProjectSearch1"/>
</testsuite> <!-- testcases.Indiana.Verify_CIGProjectSearch1 -->
