<?xml version="1.0" encoding="UTF-8"?>
<!-- Generated by org.testng.reporters.JUnitReportReporter -->
<testsuite hostname="TSPREA01LAPA35" name="testcases.Verify_Agronomy_NScenario" tests="1" failures="0" timestamp="31 May 2017 13:57:56 GMT" time="15.608" errors="0">
  <testcase name="testHomePage" time="15.608" classname="testcases.Verify_Agronomy_NScenario"/>
</testsuite> <!-- testcases.Verify_Agronomy_NScenario -->
