<?xml version="1.0" encoding="UTF-8"?>
<!-- Generated by org.testng.reporters.JUnitReportReporter -->
<testsuite hostname="TSPREA01LAPA35" name="testcases1.Verify_FarmBill1" tests="1" failures="0" timestamp="28 Jun 2017 18:31:51 GMT" time="11.386" errors="0">
  <testcase name="testHomePage" time="11.386" classname="testcases1.Verify_FarmBill1"/>
</testsuite> <!-- testcases1.Verify_FarmBill1 -->
