<?xml version="1.0" encoding="UTF-8"?>
<!-- Generated by org.testng.reporters.JUnitReportReporter -->
<testsuite hostname="TSPREA01LAPA35" name="testcases1.Verify_AgriculturalConservationEasementProgram1" tests="1" failures="0" timestamp="29 Jun 2017 18:50:15 GMT" time="37.080" errors="0">
  <testcase name="testHomePage" time="37.080" classname="testcases1.Verify_AgriculturalConservationEasementProgram1"/>
</testsuite> <!-- testcases1.Verify_AgriculturalConservationEasementProgram1 -->
