<?xml version="1.0" encoding="UTF-8"?>
<!-- Generated by org.testng.reporters.JUnitReportReporter -->
<testsuite hostname="TSPREA01LAPA35" name="testcases1.Verify_LandscapePlanning1" tests="1" failures="0" timestamp="28 Jun 2017 15:14:54 GMT" time="1.050" errors="0">
  <testcase name="testHomePage" time="1.050" classname="testcases1.Verify_LandscapePlanning1"/>
</testsuite> <!-- testcases1.Verify_LandscapePlanning1 -->
