<?xml version="1.0" encoding="UTF-8"?>
<!-- Generated by org.testng.reporters.JUnitReportReporter -->
<testsuite hostname="TSPREA01LAPA35" name="testcases.Indiana.Verify_AirQuality1" tests="1" failures="0" timestamp="3 Jul 2017 19:48:53 GMT" time="6.153" errors="0">
  <testcase name="testHomePage" time="6.153" classname="testcases.Indiana.Verify_AirQuality1"/>
</testsuite> <!-- testcases.Indiana.Verify_AirQuality1 -->
