<?xml version="1.0" encoding="UTF-8"?>
<!-- Generated by org.testng.reporters.JUnitReportReporter -->
<testsuite hostname="TSPREA01LAPA35" name="testcases1.Verify_AirQuality1" tests="1" failures="0" timestamp="29 Jun 2017 18:31:29 GMT" time="26.869" errors="0">
  <testcase name="testHomePage" time="26.869" classname="testcases1.Verify_AirQuality1"/>
</testsuite> <!-- testcases1.Verify_AirQuality1 -->
