<?xml version="1.0" encoding="UTF-8"?>
<!-- Generated by org.testng.reporters.JUnitReportReporter -->
<testsuite hostname="TSPREA01LAPA35" name="testcases.Indiana.Verify_Agronomy1" tests="1" failures="0" timestamp="3 Jul 2017 18:40:07 GMT" time="13.260" errors="0">
  <testcase name="testHomePage" time="13.260" classname="testcases.Indiana.Verify_Agronomy1"/>
</testsuite> <!-- testcases.Indiana.Verify_Agronomy1 -->
