<?xml version="1.0" encoding="UTF-8"?>
<!-- Generated by org.testng.reporters.JUnitReportReporter -->
<testsuite hostname="TSPREA01LAPA35" name="testcases1.Verify_Economics1" tests="1" failures="0" timestamp="29 Jun 2017 13:14:45 GMT" time="14.327" errors="0">
  <testcase name="testHomePage" time="14.327" classname="testcases1.Verify_Economics1"/>
</testsuite> <!-- testcases1.Verify_Economics1 -->
