<?xml version="1.0" encoding="UTF-8"?>
<!-- Generated by org.testng.reporters.JUnitReportReporter -->
<testsuite hostname="TSPREA01LAPA35" name="testcases.DD.Link.Verify_Partners1" tests="1" failures="0" timestamp="13 Sep 2017 20:18:16 GMT" time="199.795" errors="0">
  <testcase name="testHomePage" time="199.795" classname="testcases.DD.Link.Verify_Partners1"/>
</testsuite> <!-- testcases.DD.Link.Verify_Partners1 -->
