<?xml version="1.0" encoding="UTF-8"?>
<!-- Generated by org.testng.reporters.JUnitReportReporter -->
<testsuite hostname="TSPREA01LAPA35" name="testcases.Verify_Agronomy_dummy" tests="1" failures="0" timestamp="31 May 2017 02:15:13 GMT" time="1.173" errors="0">
  <testcase name="testHomePage" time="1.173" classname="testcases.Verify_Agronomy_dummy"/>
</testsuite> <!-- testcases.Verify_Agronomy_dummy -->
