<?xml version="1.0" encoding="UTF-8"?>
<!-- Generated by org.testng.reporters.JUnitReportReporter -->
<testsuite hostname="TSPREA01LAPA35" name="testcases1.Verify_WaterSupplyProducts1" tests="1" failures="0" timestamp="28 Jun 2017 17:47:48 GMT" time="41.686" errors="0">
  <testcase name="testHomePage" time="41.686" classname="testcases1.Verify_WaterSupplyProducts1"/>
</testsuite> <!-- testcases1.Verify_WaterSupplyProducts1 -->
