<?xml version="1.0" encoding="UTF-8"?>
<!-- Generated by org.testng.reporters.JUnitReportReporter -->
<testsuite hostname="TSPREA01LAPA35" name="testcases1.Verify_Soils1" tests="1" failures="0" timestamp="3 Jul 2017 01:33:20 GMT" time="24.438" errors="0">
  <testcase name="testHomePage" time="24.438" classname="testcases1.Verify_Soils1"/>
</testsuite> <!-- testcases1.Verify_Soils1 -->
