<?xml version="1.0" encoding="UTF-8"?>
<!-- Generated by org.testng.reporters.JUnitReportReporter -->
<testsuite hostname="TSPREA01LAPA35" name="testcases1.Verify_PublicNotices1" tests="1" failures="0" timestamp="27 Jun 2017 18:12:38 GMT" time="24.976" errors="0">
  <testcase name="testHomePage" time="24.976" classname="testcases1.Verify_PublicNotices1"/>
</testsuite> <!-- testcases1.Verify_PublicNotices1 -->
