<?xml version="1.0" encoding="UTF-8"?>
<!-- Generated by org.testng.reporters.JUnitReportReporter -->
<testsuite hostname="TSPREA01LAPA35" name="testcases.DD.Verify_Partners1" tests="1" failures="0" timestamp="31 Oct 2017 23:34:47 GMT" time="22.352" errors="0">
  <testcase name="testHomePage" time="22.352" classname="testcases.DD.Verify_Partners1"/>
</testsuite> <!-- testcases.DD.Verify_Partners1 -->
