<?xml version="1.0" encoding="UTF-8"?>
<!-- Generated by org.testng.reporters.JUnitReportReporter -->
<testsuite hostname="TSPREA01LAPA35" name="testcases1.Verify_SnowSurveyProducts1" tests="1" failures="0" timestamp="27 Jun 2017 15:19:29 GMT" time="28.970" errors="0">
  <testcase name="testHomePage" time="28.970" classname="testcases1.Verify_SnowSurveyProducts1"/>
</testsuite> <!-- testcases1.Verify_SnowSurveyProducts1 -->
