<?xml version="1.0" encoding="UTF-8"?>
<!-- Generated by org.testng.reporters.JUnitReportReporter -->
<testsuite hostname="TSPREA01LAPA35" name="testcases1.Verify_SiteMetadataInformation1" tests="1" failures="0" timestamp="27 Jun 2017 17:52:33 GMT" time="1.428" errors="0">
  <testcase name="testHomePage" time="1.428" classname="testcases1.Verify_SiteMetadataInformation1"/>
</testsuite> <!-- testcases1.Verify_SiteMetadataInformation1 -->
