<?xml version="1.0" encoding="UTF-8"?>
<!-- Generated by org.testng.reporters.JUnitReportReporter -->
<testsuite hostname="TSPREA01LAPA35" name="testcases1.Montana.Verify_AboutUs1" tests="1" failures="0" timestamp="31 Jul 2017 14:11:32 GMT" time="25.263" errors="0">
  <testcase name="testHomePage" time="25.263" classname="testcases1.Montana.Verify_AboutUs1"/>
</testsuite> <!-- testcases1.Montana.Verify_AboutUs1 -->
