<?xml version="1.0" encoding="UTF-8"?>
<!-- Generated by org.testng.reporters.JUnitReportReporter -->
<testsuite hostname="TSPREA01LAPA35" name="testcases.Indiana.Verify_AboutUs1" tests="1" failures="0" timestamp="3 Jul 2017 18:20:38 GMT" time="8.003" errors="0">
  <testcase name="testHomePage" time="8.003" classname="testcases.Indiana.Verify_AboutUs1"/>
</testsuite> <!-- testcases.Indiana.Verify_AboutUs1 -->
