<?xml version="1.0" encoding="UTF-8"?>
<!-- Generated by org.testng.reporters.JUnitReportReporter -->
<testsuite hostname="TSPREA01LAPA35" name="testcases1.Verify_TechnicalServiceProviders1" tests="1" failures="0" timestamp="26 Jun 2017 18:45:29 GMT" time="22.778" errors="0">
  <testcase name="testHomePage" time="22.778" classname="testcases1.Verify_TechnicalServiceProviders1"/>
</testsuite> <!-- testcases1.Verify_TechnicalServiceProviders1 -->
