<?xml version="1.0" encoding="UTF-8"?>
<!-- Generated by org.testng.reporters.JUnitReportReporter -->
<testsuite hostname="TSPREA01LAPA35" name="testcases.DD.Link.Verify_NationalResourcesInventory1" tests="1" failures="0" timestamp="13 Sep 2017 20:18:16 GMT" time="60.952" errors="0">
  <testcase name="testHomePage" time="60.952" classname="testcases.DD.Link.Verify_NationalResourcesInventory1"/>
</testsuite> <!-- testcases.DD.Link.Verify_NationalResourcesInventory1 -->
