<?xml version="1.0" encoding="UTF-8"?>
<!-- Generated by org.testng.reporters.JUnitReportReporter -->
<testsuite hostname="TSPREA01LAPA35" name="testcases1.Verify_EventsDeadlines1" tests="1" failures="0" timestamp="28 Jun 2017 18:45:17 GMT" time="5.116" errors="0">
  <testcase name="testHomePage" time="5.116" classname="testcases1.Verify_EventsDeadlines1"/>
</testsuite> <!-- testcases1.Verify_EventsDeadlines1 -->
