<?xml version="1.0" encoding="UTF-8"?>
<!-- Generated by org.testng.reporters.JUnitReportReporter -->
<testsuite hostname="TSPREA01LAPA35" name="testcases1.Verify_LandscapeInitiatives1" tests="1" failures="0" timestamp="28 Jun 2017 15:38:04 GMT" time="2.139" errors="0">
  <testcase name="testHomePage" time="2.139" classname="testcases1.Verify_LandscapeInitiatives1"/>
</testsuite> <!-- testcases1.Verify_LandscapeInitiatives1 -->
