<?xml version="1.0" encoding="UTF-8"?>
<!-- Generated by org.testng.reporters.JUnitReportReporter -->
<testsuite hostname="TSPREA01LAPA35" name="testcases1.Arizona.Verify_PhotosandVideos1" tests="1" failures="0" timestamp="27 Jul 2017 15:32:19 GMT" time="1.571" errors="0">
  <testcase name="testHomePage" time="1.571" classname="testcases1.Arizona.Verify_PhotosandVideos1"/>
</testsuite> <!-- testcases1.Arizona.Verify_PhotosandVideos1 -->
