<?xml version="1.0" encoding="UTF-8"?>
<!-- Generated by org.testng.reporters.JUnitReportReporter -->
<testsuite hostname="TSPREA01LAPA35" name="testcases.DD.Link.Verify_StateTechnicalCommittee1" tests="1" failures="0" timestamp="13 Sep 2017 20:18:16 GMT" time="75.766" errors="0">
  <testcase name="testHomePage" time="75.766" classname="testcases.DD.Link.Verify_StateTechnicalCommittee1"/>
</testsuite> <!-- testcases.DD.Link.Verify_StateTechnicalCommittee1 -->
