<?xml version="1.0" encoding="UTF-8"?>
<!-- Generated by org.testng.reporters.JUnitReportReporter -->
<testsuite hostname="TSPREA01LAPA35" name="testcases1.Verify_WatershedRehabilitation1" tests="1" failures="0" timestamp="26 Jun 2017 17:57:59 GMT" time="14.190" errors="0">
  <testcase name="testHomePage" time="14.190" classname="testcases1.Verify_WatershedRehabilitation1"/>
</testsuite> <!-- testcases1.Verify_WatershedRehabilitation1 -->
