<?xml version="1.0" encoding="UTF-8"?>
<!-- Generated by org.testng.reporters.JUnitReportReporter -->
<testsuite hostname="TSPREA01LAPA35" name="testcases1.Arizona.Verify_PlantsAnimals1" tests="1" failures="0" timestamp="27 Jul 2017 15:32:19 GMT" time="3.633" errors="0">
  <testcase name="testHomePage" time="3.633" classname="testcases1.Arizona.Verify_PlantsAnimals1"/>
</testsuite> <!-- testcases1.Arizona.Verify_PlantsAnimals1 -->
