<?xml version="1.0" encoding="UTF-8"?>
<!-- Generated by org.testng.reporters.JUnitReportReporter -->
<testsuite hostname="TSPREA01LAPA35" name="testcases1.Verify_DataAnalysis1" tests="1" failures="0" timestamp="29 Jun 2017 13:52:57 GMT" time="25.177" errors="0">
  <testcase name="testHomePage" time="25.177" classname="testcases1.Verify_DataAnalysis1"/>
</testsuite> <!-- testcases1.Verify_DataAnalysis1 -->
