<?xml version="1.0" encoding="UTF-8"?>
<!-- Generated by org.testng.reporters.JUnitReportReporter -->
<testsuite hostname="TSPREA01LAPA35" name="testcases1.Verify_SurfaceWaterSupplyIndex1" tests="1" failures="0" timestamp="26 Jun 2017 19:11:37 GMT" time="1.420" errors="0">
  <testcase name="testHomePage" time="1.420" classname="testcases1.Verify_SurfaceWaterSupplyIndex1"/>
</testsuite> <!-- testcases1.Verify_SurfaceWaterSupplyIndex1 -->
