<?xml version="1.0" encoding="UTF-8"?>
<!-- Generated by org.testng.reporters.JUnitReportReporter -->
<testsuite hostname="TSPREA01LAPA35" name="testcases1.Verify_WaterSupply1" tests="1" failures="0" timestamp="26 Jun 2017 17:41:46 GMT" time="36.939" errors="0">
  <testcase name="testHomePage" time="36.939" classname="testcases1.Verify_WaterSupply1"/>
</testsuite> <!-- testcases1.Verify_WaterSupply1 -->
