<?xml version="1.0" encoding="UTF-8"?>
<!-- Generated by org.testng.reporters.JUnitReportReporter -->
<testsuite hostname="TSPREA01LAPA35" name="testcases1.Verify_TeachersandStudents1" tests="1" failures="0" timestamp="26 Jun 2017 19:08:17 GMT" time="8.165" errors="0">
  <testcase name="testHomePage" time="8.165" classname="testcases1.Verify_TeachersandStudents1"/>
</testsuite> <!-- testcases1.Verify_TeachersandStudents1 -->
