<?xml version="1.0" encoding="UTF-8"?>
<!-- Generated by org.testng.reporters.JUnitReportReporter -->
<testsuite hostname="TSPREA01LAPA35" name="testcases1.Missouri.Verify_AgriculturalConservationEasementProgram1" tests="1" failures="0" timestamp="21 Jul 2017 23:32:23 GMT" time="14.384" errors="0">
  <testcase name="testHomePage" time="14.384" classname="testcases1.Missouri.Verify_AgriculturalConservationEasementProgram1"/>
</testsuite> <!-- testcases1.Missouri.Verify_AgriculturalConservationEasementProgram1 -->
