<?xml version="1.0" encoding="UTF-8"?>
<!-- Generated by org.testng.reporters.JUnitReportReporter -->
<testsuite hostname="TSPREA01LAPA35" name="testcases1.Verify_Partners1" tests="1" failures="0" timestamp="27 Jun 2017 19:36:28 GMT" time="7.209" errors="0">
  <testcase name="testHomePage" time="7.209" classname="testcases1.Verify_Partners1"/>
</testsuite> <!-- testcases1.Verify_Partners1 -->
