<?xml version="1.0" encoding="UTF-8"?>
<!-- Generated by org.testng.reporters.JUnitReportReporter -->
<testsuite hostname="TSPREA01LAPA35" name="testcases.Verify_Navigation" tests="1" failures="0" timestamp="7 Jun 2017 20:12:01 GMT" time="2.855" errors="0">
  <testcase name="testHomePage" time="2.855" classname="testcases.Verify_Navigation"/>
</testsuite> <!-- testcases.Verify_Navigation -->
