<?xml version="1.0" encoding="UTF-8"?>
<!-- Generated by org.testng.reporters.JUnitReportReporter -->
<testsuite hostname="TSPREA01LAPA35" name="testcases1.Verify_FeedbackForms1" tests="1" failures="0" timestamp="28 Jun 2017 18:16:09 GMT" time="6.962" errors="0">
  <testcase name="testHomePage" time="6.962" classname="testcases1.Verify_FeedbackForms1"/>
</testsuite> <!-- testcases1.Verify_FeedbackForms1 -->
