<?xml version="1.0" encoding="UTF-8"?>
<!-- Generated by org.testng.reporters.JUnitReportReporter -->
<testsuite hostname="TSPREA01LAPA35" name="testcases.Verify_Biology" tests="1" failures="0" timestamp="2 Jun 2017 15:41:32 GMT" time="4.059" errors="0">
  <testcase name="testHomePage" time="4.059" classname="testcases.Verify_Biology"/>
</testsuite> <!-- testcases.Verify_Biology -->
