<?xml version="1.0" encoding="UTF-8"?>
<!-- Generated by org.testng.reporters.JUnitReportReporter -->
<testsuite hostname="TSPREA01LAPA35" name="testcases1.Verify_SoilHealth1" tests="1" failures="0" timestamp="27 Jun 2017 15:02:00 GMT" time="8.345" errors="0">
  <testcase name="testHomePage" time="8.345" classname="testcases1.Verify_SoilHealth1"/>
</testsuite> <!-- testcases1.Verify_SoilHealth1 -->
