<?xml version="1.0" encoding="UTF-8"?>
<!-- Generated by org.testng.reporters.JUnitReportReporter -->
<testsuite hostname="TSPREA01LAPA35" name="testcases1.Verify_EmergencyWatershedProtectionProgram1" tests="1" failures="0" timestamp="29 Jun 2017 13:10:21 GMT" time="8.889" errors="0">
  <testcase name="testHomePage" time="8.889" classname="testcases1.Verify_EmergencyWatershedProtectionProgram1"/>
</testsuite> <!-- testcases1.Verify_EmergencyWatershedProtectionProgram1 -->
