<?xml version="1.0" encoding="UTF-8"?>
<!-- Generated by org.testng.reporters.JUnitReportReporter -->
<testsuite hostname="TSPREA01LAPA35" name="utility.Demo" tests="1" failures="0" timestamp="3 Jul 2017 03:21:27 GMT" time="8.424" errors="0">
  <testcase name="test" time="8.424" classname="utility.Demo"/>
</testsuite> <!-- utility.Demo -->
