<?xml version="1.0" encoding="UTF-8"?>
<!-- Generated by org.testng.reporters.JUnitReportReporter -->
<testsuite hostname="TSPREA01LAPA35" name="testcases1.Iowa.Verify_Engineering1" tests="1" failures="0" timestamp="10 Aug 2017 18:03:25 GMT" time="37.840" errors="0">
  <testcase name="testHomePage" time="37.840" classname="testcases1.Iowa.Verify_Engineering1"/>
</testsuite> <!-- testcases1.Iowa.Verify_Engineering1 -->
