<?xml version="1.0" encoding="UTF-8"?>
<!-- Generated by org.testng.reporters.JUnitReportReporter -->
<testsuite hostname="TSPREA01LAPA35" name="testcases1.Montana.Verify_PublicNotices1" tests="1" failures="0" timestamp="26 Jul 2017 19:10:35 GMT" time="23.759" errors="0">
  <testcase name="testHomePage" time="23.759" classname="testcases1.Montana.Verify_PublicNotices1"/>
</testsuite> <!-- testcases1.Montana.Verify_PublicNotices1 -->
