<?xml version="1.0" encoding="UTF-8"?>
<!-- Generated by org.testng.reporters.JUnitReportReporter -->
<testsuite hostname="TSPREA01LAPA35" name="testcases.Verify_TechnicalServiceProviders" tests="1" failures="0" timestamp="31 May 2017 19:36:24 GMT" time="24.987" errors="0">
  <testcase name="testHomePage" time="24.987" classname="testcases.Verify_TechnicalServiceProviders"/>
</testsuite> <!-- testcases.Verify_TechnicalServiceProviders -->
