<?xml version="1.0" encoding="UTF-8"?>
<!-- Generated by org.testng.reporters.JUnitReportReporter -->
<testsuite hostname="TSPREA01LAPA35" name="testcases1.Verify_EnvironmentalQualityIncentivesProgram1" tests="1" failures="0" timestamp="28 Jun 2017 18:50:12 GMT" time="35.583" errors="0">
  <testcase name="testHomePage" time="35.583" classname="testcases1.Verify_EnvironmentalQualityIncentivesProgram1"/>
</testsuite> <!-- testcases1.Verify_EnvironmentalQualityIncentivesProgram1 -->
