<?xml version="1.0" encoding="UTF-8"?>
<!-- Generated by org.testng.reporters.JUnitReportReporter -->
<testsuite hostname="TSPREA01LAPA35" name="testcases1.Verify_ConservationPlanning1" tests="1" failures="0" timestamp="29 Jun 2017 17:41:17 GMT" time="17.656" errors="0">
  <testcase name="testHomePage" time="17.656" classname="testcases1.Verify_ConservationPlanning1"/>
</testsuite> <!-- testcases1.Verify_ConservationPlanning1 -->
