<?xml version="1.0" encoding="UTF-8"?>
<!-- Generated by org.testng.reporters.JUnitReportReporter -->
<testsuite hostname="TSPREA01LAPA35" name="testcases1.Verify_WatershedSurveysandPlanning1" tests="1" failures="0" timestamp="26 Jun 2017 17:53:35 GMT" time="2.297" errors="0">
  <testcase name="testHomePage" time="2.297" classname="testcases1.Verify_WatershedSurveysandPlanning1"/>
</testsuite> <!-- testcases1.Verify_WatershedSurveysandPlanning1 -->
