<?xml version="1.0" encoding="UTF-8"?>
<!-- Generated by org.testng.reporters.JUnitReportReporter -->
<testsuite hostname="TSPREA01LAPA35" name="testcases1.Arizona.Verify_NewsReleases1" tests="1" failures="0" timestamp="27 Jul 2017 15:32:19 GMT" time="11.298" errors="0">
  <testcase name="testHomePage" time="11.298" classname="testcases1.Arizona.Verify_NewsReleases1"/>
</testsuite> <!-- testcases1.Arizona.Verify_NewsReleases1 -->
