<?xml version="1.0" encoding="UTF-8"?>
<!-- Generated by org.testng.reporters.JUnitReportReporter -->
<testsuite hostname="TSPREA01LAPA35" name="testcases1.Missouri.Verify_InvasiveSpecies1" tests="1" failures="0" timestamp="18 Jul 2017 13:31:04 GMT" time="18.625" errors="0">
  <testcase name="testHomePage" time="18.625" classname="testcases1.Missouri.Verify_InvasiveSpecies1"/>
</testsuite> <!-- testcases1.Missouri.Verify_InvasiveSpecies1 -->
