<?xml version="1.0" encoding="UTF-8"?>
<!-- Generated by org.testng.reporters.JUnitReportReporter -->
<testsuite hostname="TSPREA01LAPA35" name="testcases.Verify_Agronomy_DEV" tests="1" failures="0" timestamp="31 May 2017 12:54:05 GMT" time="1.972" errors="0">
  <testcase name="testHomePage" time="1.972" classname="testcases.Verify_Agronomy_DEV"/>
</testsuite> <!-- testcases.Verify_Agronomy_DEV -->
